<?xml version="1.0" encoding="UTF-8"?>
<!-- Generated by org.testng.reporters.JUnitReportReporter -->
<testsuite skipped="0" hostname="LAPTOP-CVSU372R" name="testcase.dev.channel.SearchNewTownChannelListTest" tests="1" failures="0" timestamp="30 五月 2018 02:29:33 GMT" time="0.106" errors="0">
  <testcase name="searchNewTownChannelListTest" time="0.106" classname="testcase.dev.channel.SearchNewTownChannelListTest"/>
</testsuite> <!-- testcase.dev.channel.SearchNewTownChannelListTest -->
