<?xml version="1.0" encoding="UTF-8"?>
<!-- Generated by org.testng.reporters.JUnitReportReporter -->
<testsuite skipped="0" hostname="LAPTOP-CVSU372R" name="testcase.dev.hot.BannerTest" tests="3" failures="0" timestamp="30 五月 2018 02:29:33 GMT" time="0.300" errors="0">
  <testcase name="bannerTest" time="0.143" classname="testcase.dev.hot.BannerTest"/>
  <testcase name="bannerTest" time="0.084" classname="testcase.dev.hot.BannerTest"/>
  <testcase name="bannerTest" time="0.073" classname="testcase.dev.hot.BannerTest"/>
</testsuite> <!-- testcase.dev.hot.BannerTest -->
